This file contains any messages produced by compilers while
running configure, to aid debugging if configure makes a mistake.

It was created by mach_test configure 0.1, which was
generated by GNU Autoconf 2.69.  Invocation command line was

  $ /home/nicholas/anjuta-ws/mach_test/configure --enable-maintainer-mode CFLAGS=-g -O0 CXXFLAGS=-g -O0 JFLAGS=-g -O0 FFLAGS=-g -O0 --no-create --no-recursion

## --------- ##
## Platform. ##
## --------- ##

hostname = nicholas-HP-Pavilion-15-Notebook-PC
uname -m = x86_64
uname -r = 4.10.0-33-generic
uname -s = Linux
uname -v = #37~16.04.1-Ubuntu SMP Fri Aug 11 14:07:24 UTC 2017

/usr/bin/uname -p = unknown
/bin/uname -X     = unknown

/bin/arch              = unknown
/usr/bin/arch -k       = unknown
/usr/convex/getsysinfo = unknown
/usr/bin/hostinfo      = unknown
/bin/machine           = unknown
/usr/bin/oslevel       = unknown
/bin/universe          = unknown

PATH: /home/nicholas/bin
PATH: /home/nicholas/.local/bin
PATH: /usr/local/sbin
PATH: /usr/local/bin
PATH: /usr/sbin
PATH: /usr/bin
PATH: /sbin
PATH: /bin
PATH: /usr/games
PATH: /usr/local/games
PATH: /snap/bin


## ----------- ##
## Core tests. ##
## ----------- ##

configure:2478: checking for a BSD-compatible install
configure:2546: result: /usr/bin/install -c
configure:2557: checking whether build environment is sane
configure:2612: result: yes
configure:2763: checking for a thread-safe mkdir -p
configure:2802: result: /bin/mkdir -p
configure:2809: checking for gawk
configure:2839: result: no
configure:2809: checking for mawk
configure:2825: found /usr/bin/mawk
configure:2836: result: mawk
configure:2847: checking whether make sets $(MAKE)
configure:2869: result: yes
configure:2898: checking whether make supports nested variables
configure:2915: result: yes
configure:3053: checking whether make supports nested variables
configure:3070: result: yes
configure:3140: checking for g++
configure:3156: found /usr/bin/g++
configure:3167: result: g++
configure:3194: checking for C++ compiler version
configure:3203: g++ --version >&5
g++ (Ubuntu 5.4.0-6ubuntu1~16.04.4) 5.4.0 20160609
Copyright (C) 2015 Free Software Foundation, Inc.
This is free software; see the source for copying conditions.  There is NO
warranty; not even for MERCHANTABILITY or FITNESS FOR A PARTICULAR PURPOSE.

configure:3214: $? = 0
configure:3203: g++ -v >&5
Using built-in specs.
COLLECT_GCC=g++
COLLECT_LTO_WRAPPER=/usr/lib/gcc/x86_64-linux-gnu/5/lto-wrapper
Target: x86_64-linux-gnu
Configured with: ../src/configure -v --with-pkgversion='Ubuntu 5.4.0-6ubuntu1~16.04.4' --with-bugurl=file:///usr/share/doc/gcc-5/README.Bugs --enable-languages=c,ada,c++,java,go,d,fortran,objc,obj-c++ --prefix=/usr --program-suffix=-5 --enable-shared --enable-linker-build-id --libexecdir=/usr/lib --without-included-gettext --enable-threads=posix --libdir=/usr/lib --enable-nls --with-sysroot=/ --enable-clocale=gnu --enable-libstdcxx-debug --enable-libstdcxx-time=yes --with-default-libstdcxx-abi=new --enable-gnu-unique-object --disable-vtable-verify --enable-libmpx --enable-plugin --with-system-zlib --disable-browser-plugin --enable-java-awt=gtk --enable-gtk-cairo --with-java-home=/usr/lib/jvm/java-1.5.0-gcj-5-amd64/jre --enable-java-home --with-jvm-root-dir=/usr/lib/jvm/java-1.5.0-gcj-5-amd64 --with-jvm-jar-dir=/usr/lib/jvm-exports/java-1.5.0-gcj-5-amd64 --with-arch-directory=amd64 --with-ecj-jar=/usr/share/java/eclipse-ecj.jar --enable-objc-gc --enable-multiarch --disable-werror --with-arch-32=i686 --with-abi=m64 --with-multilib-list=m32,m64,mx32 --enable-multilib --with-tune=generic --enable-checking=release --build=x86_64-linux-gnu --host=x86_64-linux-gnu --target=x86_64-linux-gnu
Thread model: posix
gcc version 5.4.0 20160609 (Ubuntu 5.4.0-6ubuntu1~16.04.4) 
configure:3214: $? = 0
configure:3203: g++ -V >&5
g++: error: unrecognized command line option '-V'
g++: fatal error: no input files
compilation terminated.
configure:3214: $? = 1
configure:3203: g++ -qversion >&5
g++: error: unrecognized command line option '-qversion'
g++: fatal error: no input files
compilation terminated.
configure:3214: $? = 1
configure:3234: checking whether the C++ compiler works
configure:3256: g++ -g -O0   conftest.cpp  >&5
configure:3260: $? = 0
configure:3308: result: yes
configure:3311: checking for C++ compiler default output file name
configure:3313: result: a.out
configure:3319: checking for suffix of executables
configure:3326: g++ -o conftest -g -O0   conftest.cpp  >&5
configure:3330: $? = 0
configure:3352: result: 
configure:3374: checking whether we are cross compiling
configure:3382: g++ -o conftest -g -O0   conftest.cpp  >&5
configure:3386: $? = 0
configure:3393: ./conftest
configure:3397: $? = 0
configure:3412: result: no
configure:3417: checking for suffix of object files
configure:3439: g++ -c -g -O0  conftest.cpp >&5
configure:3443: $? = 0
configure:3464: result: o
configure:3468: checking whether we are using the GNU C++ compiler
configure:3487: g++ -c -g -O0  conftest.cpp >&5
configure:3487: $? = 0
configure:3496: result: yes
configure:3505: checking whether g++ accepts -g
configure:3525: g++ -c -g  conftest.cpp >&5
configure:3525: $? = 0
configure:3566: result: yes
configure:3600: checking for style of include used by make
configure:3628: result: GNU
configure:3654: checking dependency style of g++
configure:3765: result: gcc3
configure:3785: checking whether NLS is requested
configure:3794: result: yes
configure:3812: checking for intltool >= 0.35.0
configure:3814: result: 0.51.0 found
configure:3822: checking for intltool-update
configure:3840: found /usr/bin/intltool-update
configure:3852: result: /usr/bin/intltool-update
configure:3862: checking for intltool-merge
configure:3880: found /usr/bin/intltool-merge
configure:3892: result: /usr/bin/intltool-merge
configure:3902: checking for intltool-extract
configure:3920: found /usr/bin/intltool-extract
configure:3932: result: /usr/bin/intltool-extract
configure:4086: checking for xgettext
configure:4104: found /usr/bin/xgettext
configure:4116: result: /usr/bin/xgettext
configure:4126: checking for msgmerge
configure:4144: found /usr/bin/msgmerge
configure:4156: result: /usr/bin/msgmerge
configure:4166: checking for msgfmt
configure:4184: found /usr/bin/msgfmt
configure:4196: result: /usr/bin/msgfmt
configure:4206: checking for gmsgfmt
configure:4237: result: /usr/bin/msgfmt
configure:4257: checking for perl
configure:4275: found /usr/bin/perl
configure:4287: result: /usr/bin/perl
configure:4298: checking for perl >= 5.8.1
configure:4305: result: 5.22.1
configure:4309: checking for XML::Parser
configure:4312: result: ok
configure:4381: checking for gcc
configure:4397: found /usr/bin/gcc
configure:4408: result: gcc
configure:4637: checking for C compiler version
configure:4646: gcc --version >&5
gcc (Ubuntu 5.4.0-6ubuntu1~16.04.4) 5.4.0 20160609
Copyright (C) 2015 Free Software Foundation, Inc.
This is free software; see the source for copying conditions.  There is NO
warranty; not even for MERCHANTABILITY or FITNESS FOR A PARTICULAR PURPOSE.

configure:4657: $? = 0
configure:4646: gcc -v >&5
Using built-in specs.
COLLECT_GCC=gcc
COLLECT_LTO_WRAPPER=/usr/lib/gcc/x86_64-linux-gnu/5/lto-wrapper
Target: x86_64-linux-gnu
Configured with: ../src/configure -v --with-pkgversion='Ubuntu 5.4.0-6ubuntu1~16.04.4' --with-bugurl=file:///usr/share/doc/gcc-5/README.Bugs --enable-languages=c,ada,c++,java,go,d,fortran,objc,obj-c++ --prefix=/usr --program-suffix=-5 --enable-shared --enable-linker-build-id --libexecdir=/usr/lib --without-included-gettext --enable-threads=posix --libdir=/usr/lib --enable-nls --with-sysroot=/ --enable-clocale=gnu --enable-libstdcxx-debug --enable-libstdcxx-time=yes --with-default-libstdcxx-abi=new --enable-gnu-unique-object --disable-vtable-verify --enable-libmpx --enable-plugin --with-system-zlib --disable-browser-plugin --enable-java-awt=gtk --enable-gtk-cairo --with-java-home=/usr/lib/jvm/java-1.5.0-gcj-5-amd64/jre --enable-java-home --with-jvm-root-dir=/usr/lib/jvm/java-1.5.0-gcj-5-amd64 --with-jvm-jar-dir=/usr/lib/jvm-exports/java-1.5.0-gcj-5-amd64 --with-arch-directory=amd64 --with-ecj-jar=/usr/share/java/eclipse-ecj.jar --enable-objc-gc --enable-multiarch --disable-werror --with-arch-32=i686 --with-abi=m64 --with-multilib-list=m32,m64,mx32 --enable-multilib --with-tune=generic --enable-checking=release --build=x86_64-linux-gnu --host=x86_64-linux-gnu --target=x86_64-linux-gnu
Thread model: posix
gcc version 5.4.0 20160609 (Ubuntu 5.4.0-6ubuntu1~16.04.4) 
configure:4657: $? = 0
configure:4646: gcc -V >&5
gcc: error: unrecognized command line option '-V'
gcc: fatal error: no input files
compilation terminated.
configure:4657: $? = 1
configure:4646: gcc -qversion >&5
gcc: error: unrecognized command line option '-qversion'
gcc: fatal error: no input files
compilation terminated.
configure:4657: $? = 1
configure:4661: checking whether we are using the GNU C compiler
configure:4680: gcc -c -g -O0  conftest.c >&5
configure:4680: $? = 0
configure:4689: result: yes
configure:4698: checking whether gcc accepts -g
configure:4718: gcc -c -g  conftest.c >&5
configure:4718: $? = 0
configure:4759: result: yes
configure:4776: checking for gcc option to accept ISO C89
configure:4839: gcc  -c -g -O0  conftest.c >&5
configure:4839: $? = 0
configure:4852: result: none needed
configure:4877: checking whether gcc understands -c and -o together
configure:4899: gcc -c conftest.c -o conftest2.o
configure:4902: $? = 0
configure:4899: gcc -c conftest.c -o conftest2.o
configure:4902: $? = 0
configure:4914: result: yes
configure:4933: checking dependency style of gcc
configure:5044: result: gcc3
configure:5065: checking how to run the C preprocessor
configure:5096: gcc -E  conftest.c
configure:5096: $? = 0
configure:5110: gcc -E  conftest.c
conftest.c:12:28: fatal error: ac_nonexistent.h: No such file or directory
compilation terminated.
configure:5110: $? = 1
configure: failed program was:
| /* confdefs.h */
| #define PACKAGE_NAME "mach_test"
| #define PACKAGE_TARNAME "mach_test"
| #define PACKAGE_VERSION "0.1"
| #define PACKAGE_STRING "mach_test 0.1"
| #define PACKAGE_BUGREPORT ""
| #define PACKAGE_URL ""
| #define PACKAGE "mach_test"
| #define VERSION "0.1"
| #define GETTEXT_PACKAGE "mach_test"
| /* end confdefs.h.  */
| #include <ac_nonexistent.h>
configure:5135: result: gcc -E
configure:5155: gcc -E  conftest.c
configure:5155: $? = 0
configure:5169: gcc -E  conftest.c
conftest.c:12:28: fatal error: ac_nonexistent.h: No such file or directory
compilation terminated.
configure:5169: $? = 1
configure: failed program was:
| /* confdefs.h */
| #define PACKAGE_NAME "mach_test"
| #define PACKAGE_TARNAME "mach_test"
| #define PACKAGE_VERSION "0.1"
| #define PACKAGE_STRING "mach_test 0.1"
| #define PACKAGE_BUGREPORT ""
| #define PACKAGE_URL ""
| #define PACKAGE "mach_test"
| #define VERSION "0.1"
| #define GETTEXT_PACKAGE "mach_test"
| /* end confdefs.h.  */
| #include <ac_nonexistent.h>
configure:5198: checking for grep that handles long lines and -e
configure:5256: result: /bin/grep
configure:5261: checking for egrep
configure:5323: result: /bin/grep -E
configure:5328: checking for ANSI C header files
configure:5348: gcc -c -g -O0  conftest.c >&5
configure:5348: $? = 0
configure:5421: gcc -o conftest -g -O0   conftest.c  >&5
configure:5421: $? = 0
configure:5421: ./conftest
configure:5421: $? = 0
configure:5432: result: yes
configure:5445: checking for sys/types.h
configure:5445: gcc -c -g -O0  conftest.c >&5
configure:5445: $? = 0
configure:5445: result: yes
configure:5445: checking for sys/stat.h
configure:5445: gcc -c -g -O0  conftest.c >&5
configure:5445: $? = 0
configure:5445: result: yes
configure:5445: checking for stdlib.h
configure:5445: gcc -c -g -O0  conftest.c >&5
configure:5445: $? = 0
configure:5445: result: yes
configure:5445: checking for string.h
configure:5445: gcc -c -g -O0  conftest.c >&5
configure:5445: $? = 0
configure:5445: result: yes
configure:5445: checking for memory.h
configure:5445: gcc -c -g -O0  conftest.c >&5
configure:5445: $? = 0
configure:5445: result: yes
configure:5445: checking for strings.h
configure:5445: gcc -c -g -O0  conftest.c >&5
configure:5445: $? = 0
configure:5445: result: yes
configure:5445: checking for inttypes.h
configure:5445: gcc -c -g -O0  conftest.c >&5
configure:5445: $? = 0
configure:5445: result: yes
configure:5445: checking for stdint.h
configure:5445: gcc -c -g -O0  conftest.c >&5
configure:5445: $? = 0
configure:5445: result: yes
configure:5445: checking for unistd.h
configure:5445: gcc -c -g -O0  conftest.c >&5
configure:5445: $? = 0
configure:5445: result: yes
configure:5460: checking locale.h usability
configure:5460: gcc -c -g -O0  conftest.c >&5
configure:5460: $? = 0
configure:5460: result: yes
configure:5460: checking locale.h presence
configure:5460: gcc -E  conftest.c
configure:5460: $? = 0
configure:5460: result: yes
configure:5460: checking for locale.h
configure:5460: result: yes
configure:5471: checking for LC_MESSAGES
configure:5487: gcc -o conftest -g -O0   conftest.c  >&5
configure:5487: $? = 0
configure:5495: result: yes
configure:5512: checking libintl.h usability
configure:5512: gcc -c -g -O0  conftest.c >&5
configure:5512: $? = 0
configure:5512: result: yes
configure:5512: checking libintl.h presence
configure:5512: gcc -E  conftest.c
configure:5512: $? = 0
configure:5512: result: yes
configure:5512: checking for libintl.h
configure:5512: result: yes
configure:5520: checking for ngettext in libc
configure:5538: gcc -o conftest -g -O0   conftest.c  >&5
configure:5538: $? = 0
configure:5547: result: yes
configure:5551: checking for dgettext in libc
configure:5569: gcc -o conftest -g -O0   conftest.c  >&5
configure:5569: $? = 0
configure:5578: result: yes
configure:5585: checking for bind_textdomain_codeset
configure:5585: gcc -o conftest -g -O0   conftest.c  >&5
configure:5585: $? = 0
configure:5585: result: yes
configure:5861: checking for msgfmt
configure:5888: result: /usr/bin/msgfmt
configure:5899: checking for dcgettext
configure:5899: gcc -o conftest -g -O0   conftest.c   >&5
conftest.c:49:6: warning: conflicting types for built-in function 'dcgettext'
 char dcgettext ();
      ^
configure:5899: $? = 0
configure:5899: result: yes
configure:5909: checking if msgfmt accepts -c
configure:5924: $MSGFMT -c -o /dev/null conftest.foo
conftest.foo:3: warning: header field 'Language' missing in header
configure:5927: $? = 0
configure:5929: result: yes
configure:5939: checking for gmsgfmt
configure:5970: result: /usr/bin/msgfmt
configure:5980: checking for xgettext
configure:6007: result: /usr/bin/xgettext
configure:6026: gcc -o conftest -g -O0   conftest.c   >&5
configure:6026: $? = 0
configure:6199: checking build system type
configure:6213: result: x86_64-pc-linux-gnu
configure:6233: checking host system type
configure:6246: result: x86_64-pc-linux-gnu
configure:6287: checking how to print strings
configure:6314: result: printf
configure:6335: checking for a sed that does not truncate output
configure:6399: result: /bin/sed
configure:6417: checking for fgrep
configure:6479: result: /bin/grep -F
configure:6514: checking for ld used by gcc
configure:6581: result: /usr/bin/ld
configure:6588: checking if the linker (/usr/bin/ld) is GNU ld
configure:6603: result: yes
configure:6615: checking for BSD- or MS-compatible name lister (nm)
configure:6669: result: /usr/bin/nm -B
configure:6799: checking the name lister (/usr/bin/nm -B) interface
configure:6806: gcc -c -g -O0  conftest.c >&5
configure:6809: /usr/bin/nm -B "conftest.o"
configure:6812: output
0000000000000000 B some_variable
configure:6819: result: BSD nm
configure:6822: checking whether ln -s works
configure:6826: result: yes
configure:6834: checking the maximum length of command line arguments
configure:6965: result: 1572864
configure:7013: checking how to convert x86_64-pc-linux-gnu file names to x86_64-pc-linux-gnu format
configure:7053: result: func_convert_file_noop
configure:7060: checking how to convert x86_64-pc-linux-gnu file names to toolchain format
configure:7080: result: func_convert_file_noop
configure:7087: checking for /usr/bin/ld option to reload object files
configure:7094: result: -r
configure:7168: checking for objdump
configure:7184: found /usr/bin/objdump
configure:7195: result: objdump
configure:7227: checking how to recognize dependent libraries
configure:7427: result: pass_all
configure:7512: checking for dlltool
configure:7542: result: no
configure:7572: checking how to associate runtime and link libraries
configure:7599: result: printf %s\n
configure:7659: checking for ar
configure:7675: found /usr/bin/ar
configure:7686: result: ar
configure:7723: checking for archiver @FILE support
configure:7740: gcc -c -g -O0  conftest.c >&5
configure:7740: $? = 0
configure:7743: ar cru libconftest.a @conftest.lst >&5
ar: `u' modifier ignored since `D' is the default (see `U')
configure:7746: $? = 0
configure:7751: ar cru libconftest.a @conftest.lst >&5
ar: `u' modifier ignored since `D' is the default (see `U')
ar: conftest.o: No such file or directory
configure:7754: $? = 1
configure:7766: result: @
configure:7824: checking for strip
configure:7840: found /usr/bin/strip
configure:7851: result: strip
configure:7923: checking for ranlib
configure:7939: found /usr/bin/ranlib
configure:7950: result: ranlib
configure:8052: checking command to parse /usr/bin/nm -B output from gcc object
configure:8205: gcc -c -g -O0  conftest.c >&5
configure:8208: $? = 0
configure:8212: /usr/bin/nm -B conftest.o \| sed -n -e 's/^.*[ ]\([ABCDGIRSTW][ABCDGIRSTW]*\)[ ][ ]*\([_A-Za-z][_A-Za-z0-9]*\)$/\1 \2 \2/p' | sed '/ __gnu_lto/d' \> conftest.nm
configure:8215: $? = 0
configure:8281: gcc -o conftest -g -O0   conftest.c conftstm.o >&5
configure:8284: $? = 0
configure:8322: result: ok
configure:8369: checking for sysroot
configure:8399: result: no
configure:8406: checking for a working dd
configure:8444: result: /bin/dd
configure:8448: checking how to truncate binary pipes
configure:8463: result: /bin/dd bs=4096 count=1
configure:8599: gcc -c -g -O0  conftest.c >&5
configure:8602: $? = 0
configure:8792: checking for mt
configure:8808: found /bin/mt
configure:8819: result: mt
configure:8842: checking if mt is a manifest tool
configure:8848: mt '-?'
configure:8856: result: no
configure:9530: checking for dlfcn.h
configure:9530: gcc -c -g -O0  conftest.c >&5
configure:9530: $? = 0
configure:9530: result: yes
configure:9797: checking for objdir
configure:9812: result: .libs
configure:10072: checking if gcc supports -fno-rtti -fno-exceptions
configure:10090: gcc -c -g -O0  -fno-rtti -fno-exceptions conftest.c >&5
cc1: warning: command line option '-fno-rtti' is valid for C++/ObjC++ but not for C
configure:10094: $? = 0
configure:10107: result: no
configure:10465: checking for gcc option to produce PIC
configure:10472: result: -fPIC -DPIC
configure:10480: checking if gcc PIC flag -fPIC -DPIC works
configure:10498: gcc -c -g -O0  -fPIC -DPIC -DPIC conftest.c >&5
configure:10502: $? = 0
configure:10515: result: yes
configure:10544: checking if gcc static flag -static works
configure:10572: result: yes
configure:10587: checking if gcc supports -c -o file.o
configure:10608: gcc -c -g -O0  -o out/conftest2.o conftest.c >&5
configure:10612: $? = 0
configure:10634: result: yes
configure:10642: checking if gcc supports -c -o file.o
configure:10689: result: yes
configure:10722: checking whether the gcc linker (/usr/bin/ld -m elf_x86_64) supports shared libraries
configure:11985: result: yes
configure:12022: checking whether -lc should be explicitly linked in
configure:12030: gcc -c -g -O0  conftest.c >&5
configure:12033: $? = 0
configure:12048: gcc -shared  -fPIC -DPIC conftest.o  -v -Wl,-soname -Wl,conftest -o conftest 2\>\&1 \| /bin/grep  -lc  \>/dev/null 2\>\&1
configure:12051: $? = 0
configure:12065: result: no
configure:12225: checking dynamic linker characteristics
configure:12806: gcc -o conftest -g -O0   -Wl,-rpath -Wl,/foo conftest.c  >&5
configure:12806: $? = 0
configure:13055: result: GNU/Linux ld.so
configure:13177: checking how to hardcode library paths into programs
configure:13202: result: immediate
configure:13750: checking whether stripping libraries is possible
configure:13755: result: yes
configure:13790: checking if libtool supports shared libraries
configure:13792: result: yes
configure:13795: checking whether to build shared libraries
configure:13820: result: yes
configure:13823: checking whether to build static libraries
configure:13827: result: yes
configure:13850: checking how to run the C++ preprocessor
configure:13877: g++ -E  conftest.cpp
configure:13877: $? = 0
configure:13891: g++ -E  conftest.cpp
conftest.cpp:30:28: fatal error: ac_nonexistent.h: No such file or directory
compilation terminated.
configure:13891: $? = 1
configure: failed program was:
| /* confdefs.h */
| #define PACKAGE_NAME "mach_test"
| #define PACKAGE_TARNAME "mach_test"
| #define PACKAGE_VERSION "0.1"
| #define PACKAGE_STRING "mach_test 0.1"
| #define PACKAGE_BUGREPORT ""
| #define PACKAGE_URL ""
| #define PACKAGE "mach_test"
| #define VERSION "0.1"
| #define GETTEXT_PACKAGE "mach_test"
| #define STDC_HEADERS 1
| #define HAVE_SYS_TYPES_H 1
| #define HAVE_SYS_STAT_H 1
| #define HAVE_STDLIB_H 1
| #define HAVE_STRING_H 1
| #define HAVE_MEMORY_H 1
| #define HAVE_STRINGS_H 1
| #define HAVE_INTTYPES_H 1
| #define HAVE_STDINT_H 1
| #define HAVE_UNISTD_H 1
| #define HAVE_LOCALE_H 1
| #define HAVE_LC_MESSAGES 1
| #define HAVE_BIND_TEXTDOMAIN_CODESET 1
| #define HAVE_GETTEXT 1
| #define HAVE_DCGETTEXT 1
| #define ENABLE_NLS 1
| #define HAVE_DLFCN_H 1
| #define LT_OBJDIR ".libs/"
| /* end confdefs.h.  */
| #include <ac_nonexistent.h>
configure:13916: result: g++ -E
configure:13936: g++ -E  conftest.cpp
configure:13936: $? = 0
configure:13950: g++ -E  conftest.cpp
conftest.cpp:30:28: fatal error: ac_nonexistent.h: No such file or directory
compilation terminated.
configure:13950: $? = 1
configure: failed program was:
| /* confdefs.h */
| #define PACKAGE_NAME "mach_test"
| #define PACKAGE_TARNAME "mach_test"
| #define PACKAGE_VERSION "0.1"
| #define PACKAGE_STRING "mach_test 0.1"
| #define PACKAGE_BUGREPORT ""
| #define PACKAGE_URL ""
| #define PACKAGE "mach_test"
| #define VERSION "0.1"
| #define GETTEXT_PACKAGE "mach_test"
| #define STDC_HEADERS 1
| #define HAVE_SYS_TYPES_H 1
| #define HAVE_SYS_STAT_H 1
| #define HAVE_STDLIB_H 1
| #define HAVE_STRING_H 1
| #define HAVE_MEMORY_H 1
| #define HAVE_STRINGS_H 1
| #define HAVE_INTTYPES_H 1
| #define HAVE_STDINT_H 1
| #define HAVE_UNISTD_H 1
| #define HAVE_LOCALE_H 1
| #define HAVE_LC_MESSAGES 1
| #define HAVE_BIND_TEXTDOMAIN_CODESET 1
| #define HAVE_GETTEXT 1
| #define HAVE_DCGETTEXT 1
| #define ENABLE_NLS 1
| #define HAVE_DLFCN_H 1
| #define LT_OBJDIR ".libs/"
| /* end confdefs.h.  */
| #include <ac_nonexistent.h>
configure:14112: checking for ld used by g++
configure:14179: result: /usr/bin/ld -m elf_x86_64
configure:14186: checking if the linker (/usr/bin/ld -m elf_x86_64) is GNU ld
configure:14201: result: yes
configure:14256: checking whether the g++ linker (/usr/bin/ld -m elf_x86_64) supports shared libraries
configure:15329: result: yes
configure:15365: g++ -c -g -O0  conftest.cpp >&5
configure:15368: $? = 0
configure:15849: checking for g++ option to produce PIC
configure:15856: result: -fPIC -DPIC
configure:15864: checking if g++ PIC flag -fPIC -DPIC works
configure:15882: g++ -c -g -O0  -fPIC -DPIC -DPIC conftest.cpp >&5
configure:15886: $? = 0
configure:15899: result: yes
configure:15922: checking if g++ static flag -static works
configure:15950: result: yes
configure:15962: checking if g++ supports -c -o file.o
configure:15983: g++ -c -g -O0  -o out/conftest2.o conftest.cpp >&5
configure:15987: $? = 0
configure:16009: result: yes
configure:16014: checking if g++ supports -c -o file.o
configure:16061: result: yes
configure:16091: checking whether the g++ linker (/usr/bin/ld -m elf_x86_64) supports shared libraries
configure:16134: result: yes
configure:16275: checking dynamic linker characteristics
configure:17032: result: GNU/Linux ld.so
configure:17097: checking how to hardcode library paths into programs
configure:17122: result: immediate
configure:17239: checking for pkg-config
configure:17257: found /usr/bin/pkg-config
configure:17269: result: /usr/bin/pkg-config
configure:17294: checking pkg-config is at least version 0.9.0
configure:17297: result: yes
configure:17307: checking for ALLEGRO_FONT
configure:17315: $PKG_CONFIG --exists --print-errors "allegro_ttf-5
allegro_font-5"
configure:17319: $? = 0
configure:17335: $PKG_CONFIG --exists --print-errors "allegro_ttf-5
allegro_font-5"
configure:17339: $? = 0
configure:17401: result: yes
configure:17408: checking for MACH_TEST
configure:17415: $PKG_CONFIG --exists --print-errors "allegro_primitives-5 allegro-5 "
configure:17418: $? = 0
configure:17432: $PKG_CONFIG --exists --print-errors "allegro_primitives-5 allegro-5 "
configure:17435: $? = 0
configure:17493: result: yes
configure:17612: checking that generated files are newer than configure
configure:17618: result: done
configure:17649: creating ./config.status
configure:20081: WARNING: unrecognized options: --enable-maintainer-mode

## ---------------- ##
## Cache variables. ##
## ---------------- ##

ac_cv_build=x86_64-pc-linux-gnu
ac_cv_c_compiler_gnu=yes
ac_cv_cxx_compiler_gnu=yes
ac_cv_env_ALLEGRO_FONT_CFLAGS_set=
ac_cv_env_ALLEGRO_FONT_CFLAGS_value=
ac_cv_env_ALLEGRO_FONT_LIBS_set=
ac_cv_env_ALLEGRO_FONT_LIBS_value=
ac_cv_env_CCC_set=
ac_cv_env_CCC_value=
ac_cv_env_CC_set=
ac_cv_env_CC_value=
ac_cv_env_CFLAGS_set=set
ac_cv_env_CFLAGS_value='-g -O0'
ac_cv_env_CPPFLAGS_set=
ac_cv_env_CPPFLAGS_value=
ac_cv_env_CPP_set=
ac_cv_env_CPP_value=
ac_cv_env_CXXCPP_set=
ac_cv_env_CXXCPP_value=
ac_cv_env_CXXFLAGS_set=set
ac_cv_env_CXXFLAGS_value='-g -O0'
ac_cv_env_CXX_set=
ac_cv_env_CXX_value=
ac_cv_env_LDFLAGS_set=
ac_cv_env_LDFLAGS_value=
ac_cv_env_LIBS_set=
ac_cv_env_LIBS_value=
ac_cv_env_LT_SYS_LIBRARY_PATH_set=
ac_cv_env_LT_SYS_LIBRARY_PATH_value=
ac_cv_env_MACH_TEST_CFLAGS_set=
ac_cv_env_MACH_TEST_CFLAGS_value=
ac_cv_env_MACH_TEST_LIBS_set=
ac_cv_env_MACH_TEST_LIBS_value=
ac_cv_env_PKG_CONFIG_LIBDIR_set=
ac_cv_env_PKG_CONFIG_LIBDIR_value=
ac_cv_env_PKG_CONFIG_PATH_set=
ac_cv_env_PKG_CONFIG_PATH_value=
ac_cv_env_PKG_CONFIG_set=
ac_cv_env_PKG_CONFIG_value=
ac_cv_env_build_alias_set=
ac_cv_env_build_alias_value=
ac_cv_env_host_alias_set=
ac_cv_env_host_alias_value=
ac_cv_env_target_alias_set=
ac_cv_env_target_alias_value=
ac_cv_func_bind_textdomain_codeset=yes
ac_cv_func_dcgettext=yes
ac_cv_header_dlfcn_h=yes
ac_cv_header_inttypes_h=yes
ac_cv_header_libintl_h=yes
ac_cv_header_locale_h=yes
ac_cv_header_memory_h=yes
ac_cv_header_stdc=yes
ac_cv_header_stdint_h=yes
ac_cv_header_stdlib_h=yes
ac_cv_header_string_h=yes
ac_cv_header_strings_h=yes
ac_cv_header_sys_stat_h=yes
ac_cv_header_sys_types_h=yes
ac_cv_header_unistd_h=yes
ac_cv_host=x86_64-pc-linux-gnu
ac_cv_objext=o
ac_cv_path_EGREP='/bin/grep -E'
ac_cv_path_FGREP='/bin/grep -F'
ac_cv_path_GMSGFMT=/usr/bin/msgfmt
ac_cv_path_GREP=/bin/grep
ac_cv_path_INTLTOOL_EXTRACT=/usr/bin/intltool-extract
ac_cv_path_INTLTOOL_MERGE=/usr/bin/intltool-merge
ac_cv_path_INTLTOOL_PERL=/usr/bin/perl
ac_cv_path_INTLTOOL_UPDATE=/usr/bin/intltool-update
ac_cv_path_MSGFMT=/usr/bin/msgfmt
ac_cv_path_MSGMERGE=/usr/bin/msgmerge
ac_cv_path_SED=/bin/sed
ac_cv_path_XGETTEXT=/usr/bin/xgettext
ac_cv_path_ac_pt_PKG_CONFIG=/usr/bin/pkg-config
ac_cv_path_install='/usr/bin/install -c'
ac_cv_path_lt_DD=/bin/dd
ac_cv_path_mkdir=/bin/mkdir
ac_cv_prog_AWK=mawk
ac_cv_prog_CPP='gcc -E'
ac_cv_prog_CXXCPP='g++ -E'
ac_cv_prog_ac_ct_AR=ar
ac_cv_prog_ac_ct_CC=gcc
ac_cv_prog_ac_ct_CXX=g++
ac_cv_prog_ac_ct_MANIFEST_TOOL=mt
ac_cv_prog_ac_ct_OBJDUMP=objdump
ac_cv_prog_ac_ct_RANLIB=ranlib
ac_cv_prog_ac_ct_STRIP=strip
ac_cv_prog_cc_c89=
ac_cv_prog_cc_g=yes
ac_cv_prog_cxx_g=yes
ac_cv_prog_make_make_set=yes
am_cv_CC_dependencies_compiler_type=gcc3
am_cv_CXX_dependencies_compiler_type=gcc3
am_cv_make_support_nested_variables=yes
am_cv_prog_cc_c_o=yes
am_cv_val_LC_MESSAGES=yes
gt_cv_func_dgettext_libc=yes
gt_cv_func_dgettext_libintl=no
gt_cv_func_ngettext_libc=yes
gt_cv_have_gettext=yes
lt_cv_ar_at_file=@
lt_cv_archive_cmds_need_lc=no
lt_cv_deplibs_check_method=pass_all
lt_cv_file_magic_cmd='$MAGIC_CMD'
lt_cv_file_magic_test_file=
lt_cv_ld_reload_flag=-r
lt_cv_nm_interface='BSD nm'
lt_cv_objdir=.libs
lt_cv_path_LD=/usr/bin/ld
lt_cv_path_LDCXX='/usr/bin/ld -m elf_x86_64'
lt_cv_path_NM='/usr/bin/nm -B'
lt_cv_path_mainfest_tool=no
lt_cv_prog_compiler_c_o=yes
lt_cv_prog_compiler_c_o_CXX=yes
lt_cv_prog_compiler_pic='-fPIC -DPIC'
lt_cv_prog_compiler_pic_CXX='-fPIC -DPIC'
lt_cv_prog_compiler_pic_works=yes
lt_cv_prog_compiler_pic_works_CXX=yes
lt_cv_prog_compiler_rtti_exceptions=no
lt_cv_prog_compiler_static_works=yes
lt_cv_prog_compiler_static_works_CXX=yes
lt_cv_prog_gnu_ld=yes
lt_cv_prog_gnu_ldcxx=yes
lt_cv_sharedlib_from_linklib_cmd='printf %s\n'
lt_cv_shlibpath_overrides_runpath=no
lt_cv_sys_global_symbol_pipe='sed -n -e '\''s/^.*[	 ]\([ABCDGIRSTW][ABCDGIRSTW]*\)[	 ][	 ]*\([_A-Za-z][_A-Za-z0-9]*\)$/\1 \2 \2/p'\'' | sed '\''/ __gnu_lto/d'\'''
lt_cv_sys_global_symbol_to_c_name_address='sed -n -e '\''s/^: \(.*\) .*$/  {"\1", (void *) 0},/p'\'' -e '\''s/^[ABCDGIRSTW][ABCDGIRSTW]* .* \(.*\)$/  {"\1", (void *) \&\1},/p'\'''
lt_cv_sys_global_symbol_to_c_name_address_lib_prefix='sed -n -e '\''s/^: \(.*\) .*$/  {"\1", (void *) 0},/p'\'' -e '\''s/^[ABCDGIRSTW][ABCDGIRSTW]* .* \(lib.*\)$/  {"\1", (void *) \&\1},/p'\'' -e '\''s/^[ABCDGIRSTW][ABCDGIRSTW]* .* \(.*\)$/  {"lib\1", (void *) \&\1},/p'\'''
lt_cv_sys_global_symbol_to_cdecl='sed -n -e '\''s/^T .* \(.*\)$/extern int \1();/p'\'' -e '\''s/^[ABCDGIRSTW][ABCDGIRSTW]* .* \(.*\)$/extern char \1;/p'\'''
lt_cv_sys_global_symbol_to_import=
lt_cv_sys_max_cmd_len=1572864
lt_cv_to_host_file_cmd=func_convert_file_noop
lt_cv_to_tool_file_cmd=func_convert_file_noop
lt_cv_truncate_bin='/bin/dd bs=4096 count=1'
pkg_cv_ALLEGRO_FONT_CFLAGS=-I/usr/include/x86_64-linux-gnu
pkg_cv_ALLEGRO_FONT_LIBS='-lallegro_ttf -lallegro_font -lallegro'
pkg_cv_MACH_TEST_CFLAGS=-I/usr/include/x86_64-linux-gnu
pkg_cv_MACH_TEST_LIBS='-lallegro_primitives -lallegro'

## ----------------- ##
## Output variables. ##
## ----------------- ##

ACLOCAL='${SHELL} /home/nicholas/anjuta-ws/missing aclocal-1.15'
ALLEGRO_FONT_CFLAGS='-I/usr/include/x86_64-linux-gnu'
ALLEGRO_FONT_LIBS='-lallegro_ttf -lallegro_font -lallegro'
ALL_LINGUAS=''
AMDEPBACKSLASH='\'
AMDEP_FALSE='#'
AMDEP_TRUE=''
AMTAR='$${TAR-tar}'
AM_BACKSLASH='\'
AM_DEFAULT_V='$(AM_DEFAULT_VERBOSITY)'
AM_DEFAULT_VERBOSITY='0'
AM_V='$(V)'
AR='ar'
AUTOCONF='${SHELL} /home/nicholas/anjuta-ws/missing autoconf'
AUTOHEADER='${SHELL} /home/nicholas/anjuta-ws/missing autoheader'
AUTOMAKE='${SHELL} /home/nicholas/anjuta-ws/missing automake-1.15'
AWK='mawk'
CATALOGS=''
CATOBJEXT='.gmo'
CC='gcc'
CCDEPMODE='depmode=gcc3'
CFLAGS='-g -O0'
CPP='gcc -E'
CPPFLAGS=''
CXX='g++'
CXXCPP='g++ -E'
CXXDEPMODE='depmode=gcc3'
CXXFLAGS='-g -O0'
CYGPATH_W='echo'
DATADIRNAME='share'
DEFS='-DHAVE_CONFIG_H'
DEPDIR='.deps'
DLLTOOL='false'
DSYMUTIL=''
DUMPBIN=''
ECHO_C=''
ECHO_N='-n'
ECHO_T=''
EGREP='/bin/grep -E'
EXEEXT=''
FGREP='/bin/grep -F'
GETTEXT_PACKAGE='mach_test'
GMOFILES=''
GMSGFMT='/usr/bin/msgfmt'
GREP='/bin/grep'
INSTALL_DATA='${INSTALL} -m 644'
INSTALL_PROGRAM='${INSTALL}'
INSTALL_SCRIPT='${INSTALL}'
INSTALL_STRIP_PROGRAM='$(install_sh) -c -s'
INSTOBJEXT='.mo'
INTLLIBS=''
INTLTOOL_CAVES_RULE='%.caves:     %.caves.in     $(INTLTOOL_MERGE) $(wildcard $(top_srcdir)/po/*.po) ; $(INTLTOOL_V_MERGE)LC_ALL=C $(INTLTOOL_MERGE) $(INTLTOOL_V_MERGE_OPTIONS) -d -u -c $(top_builddir)/po/.intltool-merge-cache $(top_srcdir)/po $< $@'
INTLTOOL_DESKTOP_RULE='%.desktop:   %.desktop.in   $(INTLTOOL_MERGE) $(wildcard $(top_srcdir)/po/*.po) ; $(INTLTOOL_V_MERGE)LC_ALL=C $(INTLTOOL_MERGE) $(INTLTOOL_V_MERGE_OPTIONS) -d -u -c $(top_builddir)/po/.intltool-merge-cache $(top_srcdir)/po $< $@'
INTLTOOL_DIRECTORY_RULE='%.directory: %.directory.in $(INTLTOOL_MERGE) $(wildcard $(top_srcdir)/po/*.po) ; $(INTLTOOL_V_MERGE)LC_ALL=C $(INTLTOOL_MERGE) $(INTLTOOL_V_MERGE_OPTIONS) -d -u -c $(top_builddir)/po/.intltool-merge-cache $(top_srcdir)/po $< $@'
INTLTOOL_EXTRACT='/usr/bin/intltool-extract'
INTLTOOL_KBD_RULE='%.kbd:       %.kbd.in       $(INTLTOOL_MERGE) $(wildcard $(top_srcdir)/po/*.po) ; $(INTLTOOL_V_MERGE)LC_ALL=C $(INTLTOOL_MERGE) $(INTLTOOL_V_MERGE_OPTIONS) -x -u -m -c $(top_builddir)/po/.intltool-merge-cache $(top_srcdir)/po $< $@'
INTLTOOL_KEYS_RULE='%.keys:      %.keys.in      $(INTLTOOL_MERGE) $(wildcard $(top_srcdir)/po/*.po) ; $(INTLTOOL_V_MERGE)LC_ALL=C $(INTLTOOL_MERGE) $(INTLTOOL_V_MERGE_OPTIONS) -k -u -c $(top_builddir)/po/.intltool-merge-cache $(top_srcdir)/po $< $@'
INTLTOOL_MERGE='/usr/bin/intltool-merge'
INTLTOOL_OAF_RULE='%.oaf:       %.oaf.in       $(INTLTOOL_MERGE) $(wildcard $(top_srcdir)/po/*.po) ; $(INTLTOOL_V_MERGE)LC_ALL=C $(INTLTOOL_MERGE) $(INTLTOOL_V_MERGE_OPTIONS) -o -p $(top_srcdir)/po $< $@'
INTLTOOL_PERL='/usr/bin/perl'
INTLTOOL_POLICY_RULE='%.policy:    %.policy.in    $(INTLTOOL_MERGE) $(wildcard $(top_srcdir)/po/*.po) ; $(INTLTOOL_V_MERGE)LC_ALL=C $(INTLTOOL_MERGE) $(INTLTOOL_V_MERGE_OPTIONS) -x -u -c $(top_builddir)/po/.intltool-merge-cache $(top_srcdir)/po $< $@'
INTLTOOL_PONG_RULE='%.pong:      %.pong.in      $(INTLTOOL_MERGE) $(wildcard $(top_srcdir)/po/*.po) ; $(INTLTOOL_V_MERGE)LC_ALL=C $(INTLTOOL_MERGE) $(INTLTOOL_V_MERGE_OPTIONS) -x -u -c $(top_builddir)/po/.intltool-merge-cache $(top_srcdir)/po $< $@'
INTLTOOL_PROP_RULE='%.prop:      %.prop.in      $(INTLTOOL_MERGE) $(wildcard $(top_srcdir)/po/*.po) ; $(INTLTOOL_V_MERGE)LC_ALL=C $(INTLTOOL_MERGE) $(INTLTOOL_V_MERGE_OPTIONS) -d -u -c $(top_builddir)/po/.intltool-merge-cache $(top_srcdir)/po $< $@'
INTLTOOL_SCHEMAS_RULE='%.schemas:   %.schemas.in   $(INTLTOOL_MERGE) $(wildcard $(top_srcdir)/po/*.po) ; $(INTLTOOL_V_MERGE)LC_ALL=C $(INTLTOOL_MERGE) $(INTLTOOL_V_MERGE_OPTIONS) -s -u -c $(top_builddir)/po/.intltool-merge-cache $(top_srcdir)/po $< $@'
INTLTOOL_SERVER_RULE='%.server:    %.server.in    $(INTLTOOL_MERGE) $(wildcard $(top_srcdir)/po/*.po) ; $(INTLTOOL_V_MERGE)LC_ALL=C $(INTLTOOL_MERGE) $(INTLTOOL_V_MERGE_OPTIONS) -o -u -c $(top_builddir)/po/.intltool-merge-cache $(top_srcdir)/po $< $@'
INTLTOOL_SERVICE_RULE='%.service: %.service.in   $(INTLTOOL_MERGE) $(wildcard $(top_srcdir)/po/*.po) ; $(INTLTOOL_V_MERGE)LC_ALL=C $(INTLTOOL_MERGE) $(INTLTOOL_V_MERGE_OPTIONS) -d -u -c $(top_builddir)/po/.intltool-merge-cache $(top_srcdir)/po $< $@'
INTLTOOL_SHEET_RULE='%.sheet:     %.sheet.in     $(INTLTOOL_MERGE) $(wildcard $(top_srcdir)/po/*.po) ; $(INTLTOOL_V_MERGE)LC_ALL=C $(INTLTOOL_MERGE) $(INTLTOOL_V_MERGE_OPTIONS) -x -u -c $(top_builddir)/po/.intltool-merge-cache $(top_srcdir)/po $< $@'
INTLTOOL_SOUNDLIST_RULE='%.soundlist: %.soundlist.in $(INTLTOOL_MERGE) $(wildcard $(top_srcdir)/po/*.po) ; $(INTLTOOL_V_MERGE)LC_ALL=C $(INTLTOOL_MERGE) $(INTLTOOL_V_MERGE_OPTIONS) -d -u -c $(top_builddir)/po/.intltool-merge-cache $(top_srcdir)/po $< $@'
INTLTOOL_THEME_RULE='%.theme:     %.theme.in     $(INTLTOOL_MERGE) $(wildcard $(top_srcdir)/po/*.po) ; $(INTLTOOL_V_MERGE)LC_ALL=C $(INTLTOOL_MERGE) $(INTLTOOL_V_MERGE_OPTIONS) -d -u -c $(top_builddir)/po/.intltool-merge-cache $(top_srcdir)/po $< $@'
INTLTOOL_UI_RULE='%.ui:        %.ui.in        $(INTLTOOL_MERGE) $(wildcard $(top_srcdir)/po/*.po) ; $(INTLTOOL_V_MERGE)LC_ALL=C $(INTLTOOL_MERGE) $(INTLTOOL_V_MERGE_OPTIONS) -x -u -c $(top_builddir)/po/.intltool-merge-cache $(top_srcdir)/po $< $@'
INTLTOOL_UPDATE='/usr/bin/intltool-update'
INTLTOOL_V_MERGE='$(INTLTOOL__v_MERGE_$(V))'
INTLTOOL_V_MERGE_OPTIONS='$(intltool__v_merge_options_$(V))'
INTLTOOL_XAM_RULE='%.xam:       %.xml.in       $(INTLTOOL_MERGE) $(wildcard $(top_srcdir)/po/*.po) ; $(INTLTOOL_V_MERGE)LC_ALL=C $(INTLTOOL_MERGE) $(INTLTOOL_V_MERGE_OPTIONS) -x -u -c $(top_builddir)/po/.intltool-merge-cache $(top_srcdir)/po $< $@'
INTLTOOL_XML_NOMERGE_RULE='%.xml:       %.xml.in       $(INTLTOOL_MERGE) ; $(INTLTOOL_V_MERGE)LC_ALL=C $(INTLTOOL_MERGE) $(INTLTOOL_V_MERGE_OPTIONS) -x -u --no-translations $< $@'
INTLTOOL_XML_RULE='%.xml:       %.xml.in       $(INTLTOOL_MERGE) $(wildcard $(top_srcdir)/po/*.po) ; $(INTLTOOL_V_MERGE)LC_ALL=C $(INTLTOOL_MERGE) $(INTLTOOL_V_MERGE_OPTIONS) -x -u -c $(top_builddir)/po/.intltool-merge-cache $(top_srcdir)/po $< $@'
INTLTOOL__v_MERGE_0='@echo "  ITMRG " $@;'
INTLTOOL__v_MERGE_='$(INTLTOOL__v_MERGE_$(AM_DEFAULT_VERBOSITY))'
LD='/usr/bin/ld -m elf_x86_64'
LDFLAGS=''
LIBOBJS=''
LIBS=''
LIBTOOL='$(SHELL) $(top_builddir)/libtool'
LIPO=''
LN_S='ln -s'
LTLIBOBJS=''
LT_SYS_LIBRARY_PATH=''
MACH_TEST_CFLAGS='-I/usr/include/x86_64-linux-gnu'
MACH_TEST_LIBS='-lallegro_primitives -lallegro'
MAKEINFO='${SHELL} /home/nicholas/anjuta-ws/missing makeinfo'
MANIFEST_TOOL=':'
MKDIR_P='/bin/mkdir -p'
MKINSTALLDIRS='/home/nicholas/anjuta-ws/mach_test/../mkinstalldirs'
MSGFMT='/usr/bin/msgfmt'
MSGFMT_OPTS='-c'
MSGMERGE='/usr/bin/msgmerge'
NM='/usr/bin/nm -B'
NMEDIT=''
OBJDUMP='objdump'
OBJEXT='o'
OTOOL64=''
OTOOL=''
PACKAGE='mach_test'
PACKAGE_BUGREPORT=''
PACKAGE_NAME='mach_test'
PACKAGE_STRING='mach_test 0.1'
PACKAGE_TARNAME='mach_test'
PACKAGE_URL=''
PACKAGE_VERSION='0.1'
PATH_SEPARATOR=':'
PKG_CONFIG='/usr/bin/pkg-config'
PKG_CONFIG_LIBDIR=''
PKG_CONFIG_PATH=''
POFILES=''
POSUB='po'
PO_IN_DATADIR_FALSE=''
PO_IN_DATADIR_TRUE=''
RANLIB='ranlib'
SED='/bin/sed'
SET_MAKE=''
SHELL='/bin/bash'
STRIP='strip'
USE_NLS='yes'
VERSION='0.1'
XGETTEXT='/usr/bin/xgettext'
ac_ct_AR='ar'
ac_ct_CC='gcc'
ac_ct_CXX='g++'
ac_ct_DUMPBIN=''
am__EXEEXT_FALSE=''
am__EXEEXT_TRUE='#'
am__fastdepCC_FALSE='#'
am__fastdepCC_TRUE=''
am__fastdepCXX_FALSE='#'
am__fastdepCXX_TRUE=''
am__include='include'
am__isrc=' -I$(srcdir)'
am__leading_dot='.'
am__nodep='_no'
am__quote=''
am__tar='$${TAR-tar} chof - "$$tardir"'
am__untar='$${TAR-tar} xf -'
bindir='${exec_prefix}/bin'
build='x86_64-pc-linux-gnu'
build_alias=''
build_cpu='x86_64'
build_os='linux-gnu'
build_vendor='pc'
datadir='${datarootdir}'
datarootdir='${prefix}/share'
docdir='${datarootdir}/doc/${PACKAGE_TARNAME}'
dvidir='${docdir}'
exec_prefix='${prefix}'
host='x86_64-pc-linux-gnu'
host_alias=''
host_cpu='x86_64'
host_os='linux-gnu'
host_vendor='pc'
htmldir='${docdir}'
includedir='${prefix}/include'
infodir='${datarootdir}/info'
install_sh='${SHELL} /home/nicholas/anjuta-ws/install-sh'
intltool__v_merge_options_0='-q'
intltool__v_merge_options_='$(intltool__v_merge_options_$(AM_DEFAULT_VERBOSITY))'
libdir='${exec_prefix}/lib'
libexecdir='${exec_prefix}/libexec'
localedir='${datarootdir}/locale'
localstatedir='${prefix}/var'
mandir='${datarootdir}/man'
mkdir_p='$(MKDIR_P)'
oldincludedir='/usr/include'
pdfdir='${docdir}'
prefix='/usr/local'
program_transform_name='s,x,x,'
psdir='${docdir}'
runstatedir='${localstatedir}/run'
sbindir='${exec_prefix}/sbin'
sharedstatedir='${prefix}/com'
sysconfdir='${prefix}/etc'
target_alias=''

## ----------- ##
## confdefs.h. ##
## ----------- ##

/* confdefs.h */
#define PACKAGE_NAME "mach_test"
#define PACKAGE_TARNAME "mach_test"
#define PACKAGE_VERSION "0.1"
#define PACKAGE_STRING "mach_test 0.1"
#define PACKAGE_BUGREPORT ""
#define PACKAGE_URL ""
#define PACKAGE "mach_test"
#define VERSION "0.1"
#define GETTEXT_PACKAGE "mach_test"
#define STDC_HEADERS 1
#define HAVE_SYS_TYPES_H 1
#define HAVE_SYS_STAT_H 1
#define HAVE_STDLIB_H 1
#define HAVE_STRING_H 1
#define HAVE_MEMORY_H 1
#define HAVE_STRINGS_H 1
#define HAVE_INTTYPES_H 1
#define HAVE_STDINT_H 1
#define HAVE_UNISTD_H 1
#define HAVE_LOCALE_H 1
#define HAVE_LC_MESSAGES 1
#define HAVE_BIND_TEXTDOMAIN_CODESET 1
#define HAVE_GETTEXT 1
#define HAVE_DCGETTEXT 1
#define ENABLE_NLS 1
#define HAVE_DLFCN_H 1
#define LT_OBJDIR ".libs/"

configure: exit 0

## ---------------------- ##
## Running config.status. ##
## ---------------------- ##

This file was extended by mach_test config.status 0.1, which was
generated by GNU Autoconf 2.69.  Invocation command line was

  CONFIG_FILES    = 
  CONFIG_HEADERS  = 
  CONFIG_LINKS    = 
  CONFIG_COMMANDS = 
  $ ./config.status 

on nicholas-HP-Pavilion-15-Notebook-PC

config.status:1233: creating Makefile
config.status:1233: creating src/Makefile
config.status:1233: creating po/Makefile.in
config.status:1233: creating config.h
config.status:1399: config.h is unchanged
config.status:1447: executing depfiles commands
config.status:1447: executing default-1 commands
config.status:1447: executing libtool commands
config.status:1447: executing po/stamp-it commands

## ---------------------- ##
## Running config.status. ##
## ---------------------- ##

This file was extended by mach_test config.status 0.1, which was
generated by GNU Autoconf 2.69.  Invocation command line was

  CONFIG_FILES    = 
  CONFIG_HEADERS  = 
  CONFIG_LINKS    = 
  CONFIG_COMMANDS = 
  $ ./config.status config.h

on nicholas-HP-Pavilion-15-Notebook-PC

config.status:1233: creating config.h
config.status:1399: config.h is unchanged
